corax4.1.ch8::tick	195:
corax4.1.ch8::tick	194:3AC->A4A5(0) to 3AE
corax4.1.ch8::tick	193:3B6->6000(0) to 3B8
corax4.1.ch8::tick	192:3B4->A45E(0) to 3B6
corax4.1.ch8::tick	191:3B2->D9B4(0) to 3B4
corax4.1.ch8::tick	190:3B0->A47D(0) to 3B2
corax4.1.ch8::tick	189:3AE->D8B4(0) to 3B0
corax4.1.ch8::tick	188:3AA->6B01(0) to 3AC
corax4.1.ch8::tick	187:3A8->6A3B(0) to 3AA
corax4.1.ch8::tick	186:3A6->6936(0) to 3A8
corax4.1.ch8::tick	185:3A4->6832(0) to 3A6
corax4.1.ch8::tick	184:3A2->DAB4(0) to 3A4
corax4.1.ch8::tick	183:3A0->A461(0) to 3A2
corax4.1.ch8::tick	182:39E->3155(0) to 3A0
corax4.1.ch8::tick	181:39C->A461(0) to 39E
corax4.1.ch8::tick	180:39A->30AA(0) to 39C
corax4.1.ch8::tick	179:396->F165(0) to 398
corax4.1.ch8::tick	178:394->A45E(0) to 396
corax4.1.ch8::tick	177:392->D9B4(0) to 394
corax4.1.ch8::tick	176:390->A481(0) to 392
corax4.1.ch8::tick	175:38E->D8B4(0) to 390
corax4.1.ch8::tick	174:38C->A4A5(0) to 38E
corax4.1.ch8::tick	173:38A->7B05(0) to 38C
corax4.1.ch8::tick	172:388->DAB4(0) to 38A
corax4.1.ch8::tick	171:384->46C0(0) to 388
corax4.1.ch8::tick	170:380->66E0(0) to 382
corax4.1.ch8::tick	169:37E->A461(0) to 380
corax4.1.ch8::tick	168:37C->D9B4(0) to 37E
corax4.1.ch8::tick	167:37A->A4A1(0) to 37C
corax4.1.ch8::tick	166:378->D8B4(0) to 37A
corax4.1.ch8::tick	165:376->A489(0) to 378
corax4.1.ch8::tick	164:374->7B05(0) to 376
corax4.1.ch8::tick	163:372->DAB4(0) to 374
corax4.1.ch8::tick	162:370->A465(0) to 372
corax4.1.ch8::tick	161:36C->8666(0) to 36E
corax4.1.ch8::tick	160:36A->660F(0) to 36C
corax4.1.ch8::tick	159:368->A461(0) to 36A
corax4.1.ch8::tick	158:366->D9B4(0) to 368
corax4.1.ch8::tick	157:364->A481(0) to 366
corax4.1.ch8::tick	156:362->D8B4(0) to 364
corax4.1.ch8::tick	155:360->A489(0) to 362
corax4.1.ch8::tick	154:35E->7B05(0) to 360
corax4.1.ch8::tick	153:35C->DAB4(0) to 35E
corax4.1.ch8::tick	152:358->47EC(0) to 35A
corax4.1.ch8::tick	151:356->8767(0) to 358
corax4.1.ch8::tick	150:354->678C(0) to 356
corax4.1.ch8::tick	149:352->6678(0) to 354
corax4.1.ch8::tick	148:350->A461(0) to 352
corax4.1.ch8::tick	147:34E->D9B4(0) to 350
corax4.1.ch8::tick	146:34C->A485(0) to 34E
corax4.1.ch8::tick	145:34A->D8B4(0) to 34C
corax4.1.ch8::tick	144:348->A489(0) to 34A
corax4.1.ch8::tick	143:344->DAB4(0) to 346
corax4.1.ch8::tick	142:340->47EC(0) to 344
corax4.1.ch8::tick	141:33E->8765(0) to 340
corax4.1.ch8::tick	140:33C->6778(0) to 33E
corax4.1.ch8::tick	139:33A->668C(0) to 33C
corax4.1.ch8::tick	138:338->A461(0) to 33A
corax4.1.ch8::tick	137:336->D9B4(0) to 338
corax4.1.ch8::tick	136:334->A47D(0) to 336
corax4.1.ch8::tick	135:332->D8B4(0) to 334
corax4.1.ch8::tick	134:32E->7B05(0) to 330
corax4.1.ch8::tick	133:32C->DAB4(0) to 32E
corax4.1.ch8::tick	132:328->4718(0) to 32C
corax4.1.ch8::tick	131:326->8764(0) to 328
corax4.1.ch8::tick	130:324->678C(0) to 326
corax4.1.ch8::tick	129:322->668C(0) to 324
corax4.1.ch8::tick	128:320->A461(0) to 322
corax4.1.ch8::tick	127:31E->D9B4(0) to 320
corax4.1.ch8::tick	126:31C->A479(0) to 31E
corax4.1.ch8::tick	125:318->A489(0) to 31A
corax4.1.ch8::tick	124:316->6B01(0) to 318
corax4.1.ch8::tick	123:314->6A2B(0) to 316
corax4.1.ch8::tick	122:312->6926(0) to 314
corax4.1.ch8::tick	121:310->6822(0) to 312
corax4.1.ch8::tick	120:30E->DAB4(0) to 310
corax4.1.ch8::tick	119:30C->A465(0) to 30E
corax4.1.ch8::tick	118:30A->4767(0) to 30C
corax4.1.ch8::tick	117:308->8763(0) to 30A
corax4.1.ch8::tick	116:304->6678(0) to 306
corax4.1.ch8::tick	115:302->A461(0) to 304
corax4.1.ch8::tick	114:300->D9B4(0) to 302
corax4.1.ch8::tick	113:2FE->A475(0) to 300
corax4.1.ch8::tick	112:2FC->D8B4(0) to 2FE
corax4.1.ch8::tick	111:2FA->A489(0) to 2FC
corax4.1.ch8::tick	110:2F8->7B05(0) to 2FA
corax4.1.ch8::tick	109:2F6->DAB4(0) to 2F8
corax4.1.ch8::tick	108:2F4->A465(0) to 2F6
corax4.1.ch8::tick	107:2F0->8762(0) to 2F2
corax4.1.ch8::tick	106:2EE->671F(0) to 2F0
corax4.1.ch8::tick	105:2EC->6678(0) to 2EE
corax4.1.ch8::tick	104:2EA->A461(0) to 2EC
corax4.1.ch8::tick	103:2E8->D9B4(0) to 2EA
corax4.1.ch8::tick	102:2E6->A471(0) to 2E8
corax4.1.ch8::tick	101:2E4->D8B4(0) to 2E6
corax4.1.ch8::tick	100:2E2->A489(0) to 2E4
corax4.1.ch8::tick	99:2E0->7B05(0) to 2E2
corax4.1.ch8::tick	98:2DC->A465(0) to 2DE
corax4.1.ch8::tick	97:2DA->472B(0) to 2DC
corax4.1.ch8::tick	96:2D8->8761(0) to 2DA
corax4.1.ch8::tick	95:2D6->672A(0) to 2D8
corax4.1.ch8::tick	94:2D4->660B(0) to 2D6
corax4.1.ch8::tick	93:2D2->A461(0) to 2D4
corax4.1.ch8::tick	92:2D0->D9B4(0) to 2D2
corax4.1.ch8::tick	91:2CE->A46D(0) to 2D0
corax4.1.ch8::tick	90:2CC->D8B4(0) to 2CE
corax4.1.ch8::tick	89:2C8->7B05(0) to 2CA
corax4.1.ch8::tick	88:2C6->DAB4(0) to 2C8
corax4.1.ch8::tick	87:2C4->A465(0) to 2C6
corax4.1.ch8::tick	86:2C2->472A(0) to 2C4
corax4.1.ch8::tick	85:2C0->8750(0) to 2C2
corax4.1.ch8::tick	84:2BE->6700(0) to 2C0
corax4.1.ch8::tick	83:2BC->652A(0) to 2BE
corax4.1.ch8::tick	82:2BA->A461(0) to 2BC
corax4.1.ch8::tick	81:2B8->D9B4(0) to 2BA
corax4.1.ch8::tick	80:2B4->D8B4(0) to 2B6
corax4.1.ch8::tick	79:2B2->A489(0) to 2B4
corax4.1.ch8::tick	78:2B0->7B05(0) to 2B2
corax4.1.ch8::tick	77:2AE->DAB4(0) to 2B0
corax4.1.ch8::tick	76:2AC->A465(0) to 2AE
corax4.1.ch8::tick	75:2AA->D9B4(0) to 2AC
corax4.1.ch8::tick	74:2A8->A4A1(0) to 2AA
corax4.1.ch8::tick	73:2A6->D8B4(0) to 2A8
corax4.1.ch8::tick	72:2A4->A469(0) to 2A6
corax4.1.ch8::tick	71:206->EE(0) to 2A2
corax4.1.ch8::tick	70:204->DAB4(0) to 206
corax4.1.ch8::tick	69:202->A465(0) to 204
corax4.1.ch8::tick	68:2A0->2202(0) to 202
corax4.1.ch8::tick	67:29E->D9B4(0) to 2A0
corax4.1.ch8::tick	66:29C->A4AD(0) to 29E
corax4.1.ch8::tick	65:29A->D8B4(0) to 29C
corax4.1.ch8::tick	64:298->A471(0) to 29A
corax4.1.ch8::tick	63:296->6B01(0) to 298
corax4.1.ch8::tick	62:292->6916(0) to 294
corax4.1.ch8::tick	61:290->6812(0) to 292
corax4.1.ch8::tick	60:28E->DAB4(0) to 290
corax4.1.ch8::tick	59:28A->128E(0) to 28E
corax4.1.ch8::tick	58:288->A465(0) to 28A
corax4.1.ch8::tick	57:286->D9B4(0) to 288
corax4.1.ch8::tick	56:284->A4AD(0) to 286
corax4.1.ch8::tick	55:282->D8B4(0) to 284
corax4.1.ch8::tick	54:280->A46D(0) to 282
corax4.1.ch8::tick	53:27C->DAB4(0) to 27E
corax4.1.ch8::tick	52:27A->A465(0) to 27C
corax4.1.ch8::tick	51:278->9560(0) to 27A
corax4.1.ch8::tick	50:276->A461(0) to 278
corax4.1.ch8::tick	49:274->D9B4(0) to 276
corax4.1.ch8::tick	48:272->A4AD(0) to 274
corax4.1.ch8::tick	47:270->D8B4(0) to 272
corax4.1.ch8::tick	46:26E->A48D(0) to 270
corax4.1.ch8::tick	45:26C->7B05(0) to 26E
corax4.1.ch8::tick	44:268->A465(0) to 26A
corax4.1.ch8::tick	43:266->462A(0) to 268
corax4.1.ch8::tick	42:264->76FF(0) to 266
corax4.1.ch8::tick	41:262->A461(0) to 264
corax4.1.ch8::tick	40:260->D9B4(0) to 262
corax4.1.ch8::tick	39:25E->A4AD(0) to 260
corax4.1.ch8::tick	38:25C->D8B4(0) to 25E
corax4.1.ch8::tick	37:25A->A485(0) to 25C
corax4.1.ch8::tick	36:258->6B10(0) to 25A
corax4.1.ch8::tick	35:254->A465(0) to 256
corax4.1.ch8::tick	34:252->5560(0) to 254
corax4.1.ch8::tick	33:250->A461(0) to 252
corax4.1.ch8::tick	32:24E->D9B4(0) to 250
corax4.1.ch8::tick	31:24C->A4AD(0) to 24E
corax4.1.ch8::tick	30:24A->D8B4(0) to 24C
corax4.1.ch8::tick	29:248->A47D(0) to 24A
corax4.1.ch8::tick	28:246->6B0B(0) to 248
corax4.1.ch8::tick	27:244->DAB4(0) to 246
corax4.1.ch8::tick	26:240->452A(0) to 242
corax4.1.ch8::tick	25:23E->A461(0) to 240
corax4.1.ch8::tick	24:23C->D9B4(0) to 23E
corax4.1.ch8::tick	23:23A->A4AD(0) to 23C
corax4.1.ch8::tick	22:238->D8B4(0) to 23A
corax4.1.ch8::tick	21:236->A479(0) to 238
corax4.1.ch8::tick	20:234->6B06(0) to 236
corax4.1.ch8::tick	19:232->DAB4(0) to 234
corax4.1.ch8::tick	18:22E->362B(0) to 232
corax4.1.ch8::tick	17:22A->D9B4(0) to 22C
corax4.1.ch8::tick	16:228->A4AD(0) to 22A
corax4.1.ch8::tick	15:226->D8B4(0) to 228
corax4.1.ch8::tick	14:224->A475(0) to 226
corax4.1.ch8::tick	13:222->662B(0) to 224
corax4.1.ch8::tick	12:220->652A(0) to 222
corax4.1.ch8::tick	11:21E->6B01(0) to 220
corax4.1.ch8::tick	10:21C->6A0B(0) to 21E
corax4.1.ch8::tick	9:21A->6906(0) to 21C
corax4.1.ch8::tick	8:216->D8B4(0) to 218
corax4.1.ch8::tick	7:214->A4B5(0) to 216
corax4.1.ch8::tick	6:212->683A(0) to 214
corax4.1.ch8::tick	5:210->D8B4(0) to 212
corax4.1.ch8::tick	4:20E->A4B1(0) to 210
corax4.1.ch8::tick	3:20C->6B1A(0) to 20E
corax4.1.ch8::tick	2:20A->6832(0) to 20C
corax4.1.ch8::tick	1:208->E0(0) to 20A
 20A
:304->6678(6) to 306
corax4.1.ch8::tick	115:302->A461(A) to 304
corax4.1.ch8::tick	114:300->D9B4(D) to 302
corax4.1.ch8::tick	113:2FE->A475(A) to 300
corax4.1.ch8::tick	112:2FC->D8B4(D) to 2FE
corax4.1.ch8::tick	111:2FA->A489(A) to 2FC
corax4.1.ch8::tick	110:2F8->7B05(7) to 2FA
corax4.1.ch8::tick	109:2F6->DAB4(D) to 2F8
corax4.1.ch8::tick	108:2F4->A465(A) to 2F6
corax4.1.ch8::tick	107:2F0->8762(8) to 2F2
corax4.1.ch8::tick	106:2EE->671F(6) to 2F0
corax4.1.ch8::tick	105:2EC->6678(6) to 2EE
corax4.1.ch8::tick	104:2EA->A461(A) to 2EC
corax4.1.ch8::tick	103:2E8->D9B4(D) to 2EA
corax4.1.ch8::tick	102:2E6->A471(A) to 2E8
corax4.1.ch8::tick	101:2E4->D8B4(D) to 2E6
corax4.1.ch8::tick	100:2E2->A489(A) to 2E4
corax4.1.ch8::tick	99:2E0->7B05(7) to 2E2
corax4.1.ch8::tick	98:2DC->A465(A) to 2DE
corax4.1.ch8::tick	97:2DA->472B(4) to 2DC
corax4.1.ch8::tick	96:2D8->8761(8) to 2DA
corax4.1.ch8::tick	95:2D6->672A(6) to 2D8
corax4.1.ch8::tick	94:2D4->660B(6) to 2D6
corax4.1.ch8::tick	93:2D2->A461(A) to 2D4
corax4.1.ch8::tick	92:2D0->D9B4(D) to 2D2
corax4.1.ch8::tick	91:2CE->A46D(A) to 2D0
corax4.1.ch8::tick	90:2CC->D8B4(D) to 2CE
corax4.1.ch8::tick	89:2C8->7B05(7) to 2CA
corax4.1.ch8::tick	88:2C6->DAB4(D) to 2C8
corax4.1.ch8::tick	87:2C4->A465(A) to 2C6
corax4.1.ch8::tick	86:2C2->472A(4) to 2C4
corax4.1.ch8::tick	85:2C0->8750(8) to 2C2
corax4.1.ch8::tick	84:2BE->6700(6) to 2C0
corax4.1.ch8::tick	83:2BC->652A(6) to 2BE
corax4.1.ch8::tick	82:2BA->A461(A) to 2BC
corax4.1.ch8::tick	81:2B8->D9B4(D) to 2BA
corax4.1.ch8::tick	80:2B4->D8B4(D) to 2B6
corax4.1.ch8::tick	79:2B2->A489(A) to 2B4
corax4.1.ch8::tick	78:2B0->7B05(7) to 2B2
corax4.1.ch8::tick	77:2AE->DAB4(D) to 2B0
corax4.1.ch8::tick	76:2AC->A465(A) to 2AE
corax4.1.ch8::tick	75:2AA->D9B4(D) to 2AC
corax4.1.ch8::tick	74:2A8->A4A1(A) to 2AA
corax4.1.ch8::tick	73:2A6->D8B4(D) to 2A8
corax4.1.ch8::tick	72:2A4->A469(A) to 2A6
corax4.1.ch8::tick	71:206->EE(0) to 2A2
corax4.1.ch8::tick	70:204->DAB4(D) to 206
corax4.1.ch8::tick	69:202->A465(A) to 204
corax4.1.ch8::tick	68:2A0->2202(2) to 202
corax4.1.ch8::tick	67:29E->D9B4(D) to 2A0
corax4.1.ch8::tick	66:29C->A4AD(A) to 29E
corax4.1.ch8::tick	65:29A->D8B4(D) to 29C
corax4.1.ch8::tick	64:298->A471(A) to 29A
corax4.1.ch8::tick	63:296->6B01(6) to 298
corax4.1.ch8::tick	62:292->6916(6) to 294
corax4.1.ch8::tick	61:290->6812(6) to 292
corax4.1.ch8::tick	60:28E->DAB4(D) to 290
corax4.1.ch8::tick	59:28A->128E(1) to 28E
corax4.1.ch8::tick	58:288->A465(A) to 28A
corax4.1.ch8::tick	57:286->D9B4(D) to 288
corax4.1.ch8::tick	56:284->A4AD(A) to 286
corax4.1.ch8::tick	55:282->D8B4(D) to 284
corax4.1.ch8::tick	54:280->A46D(A) to 282
corax4.1.ch8::tick	53:27C->DAB4(D) to 27E
corax4.1.ch8::tick	52:27A->A465(A) to 27C
corax4.1.ch8::tick	51:278->9560(9) to 27A
corax4.1.ch8::tick	50:276->A461(A) to 278
corax4.1.ch8::tick	49:274->D9B4(D) to 276
corax4.1.ch8::tick	48:272->A4AD(A) to 274
corax4.1.ch8::tick	47:270->D8B4(D) to 272
corax4.1.ch8::tick	46:26E->A48D(A) to 270
corax4.1.ch8::tick	45:26C->7B05(7) to 26E
corax4.1.ch8::tick	44:268->A465(A) to 26A
corax4.1.ch8::tick	43:266->462A(4) to 268
corax4.1.ch8::tick	42:264->76FF(7) to 266
corax4.1.ch8::tick	41:262->A461(A) to 264
corax4.1.ch8::tick	40:260->D9B4(D) to 262
corax4.1.ch8::tick	39:25E->A4AD(A) to 260
corax4.1.ch8::tick	38:25C->D8B4(D) to 25E
corax4.1.ch8::tick	37:25A->A485(A) to 25C
corax4.1.ch8::tick	36:258->6B10(6) to 25A
corax4.1.ch8::tick	35:254->A465(A) to 256
corax4.1.ch8::tick	34:252->5560(5) to 254
corax4.1.ch8::tick	33:250->A461(A) to 252
corax4.1.ch8::tick	32:24E->D9B4(D) to 250
corax4.1.ch8::tick	31:24C->A4AD(A) to 24E
corax4.1.ch8::tick	30:24A->D8B4(D) to 24C
corax4.1.ch8::tick	29:248->A47D(A) to 24A
corax4.1.ch8::tick	28:246->6B0B(6) to 248
corax4.1.ch8::tick	27:244->DAB4(D) to 246
corax4.1.ch8::tick	26:240->452A(4) to 242
corax4.1.ch8::tick	25:23E->A461(A) to 240
corax4.1.ch8::tick	24:23C->D9B4(D) to 23E
corax4.1.ch8::tick	23:23A->A4AD(A) to 23C
corax4.1.ch8::tick	22:238->D8B4(D) to 23A
corax4.1.ch8::tick	21:236->A479(A) to 238
corax4.1.ch8::tick	20:234->6B06(6) to 236
corax4.1.ch8::tick	19:232->DAB4(D) to 234
corax4.1.ch8::tick	18:22E->362B(3) to 232
corax4.1.ch8::tick	17:22A->D9B4(D) to 22C
corax4.1.ch8::tick	16:228->A4AD(A) to 22A
corax4.1.ch8::tick	15:226->D8B4(D) to 228
corax4.1.ch8::tick	14:224->A475(A) to 226
corax4.1.ch8::tick	13:222->662B(6) to 224
corax4.1.ch8::tick	12:220->652A(6) to 222
corax4.1.ch8::tick	11:21E->6B01(6) to 220
corax4.1.ch8::tick	10:21C->6A0B(6) to 21E
corax4.1.ch8::tick	9:21A->6906(6) to 21C
corax4.1.ch8::tick	8:216->D8B4(D) to 218
corax4.1.ch8::tick	7:214->A4B5(A) to 216
corax4.1.ch8::tick	6:212->683A(6) to 214
corax4.1.ch8::tick	5:210->D8B4(D) to 212
corax4.1.ch8::tick	4:20E->A4B1(A) to 210
corax4.1.ch8::tick	3:20C->6B1A(6) to 20E
corax4.1.ch8::tick	2:20A->6832(6) to 20C
corax4.1.ch8::tick	1:208->E0(0) to 20A
 20A
